C51 COMPILER V9.57.0.0   ______                                                            01/13/2021 13:04:37 PAGE 1   


C51 COMPILER V9.57.0.0, COMPILATION OF MODULE ______
OBJECT MODULE PLACED IN .\Objects\点阵屏.obj
COMPILER INVOKED BY: D:\Keil_v5\C51\BIN\C51.EXE 点阵屏.c OPTIMIZE(8,SPEED) BROWSE DEBUG OBJECTEXTEND PRINT(.\Listings\点
                    -阵屏.lst) OBJECT(.\Objects\点阵屏.obj)

line level    source

   1          #include <reg52.h>
   2          #include <intrins.h>
   3          
   4          #define uint unsigned int
   5          #define uchar unsigned char
   6          
   7          sbit DIO  = P3^4;//串行数据口
   8          sbit S_CLK = P3^5;//移位寄存器时钟
   9          sbit R_CLK = P3^6;//输出寄存器时钟
  10           
  11          void main()
  12          {
  13   1              //ROW 0x80，COL 0xfe
  14   1              uchar i, dat;
  15   1              dat = 0xfe;//行
  16   1              for(i = 0; i < 8; i++)
  17   1              {
  18   2                      
  19   2                      S_CLK = 0;
  20   2                      R_CLK = 0;
  21   2                      if(dat & 0x01)//按位与
  22   2                              DIO = 1;
  23   2                      else 
  24   2                              DIO = 0;
  25   2                      S_CLK = 1;
  26   2                      //dat = dat>>1;
  27   2                      dat >>= 1;
  28   2              }
  29   1              dat = 0x80;//列
  30   1              for(i = 0; i < 8; i++)
  31   1              {
  32   2                      
  33   2                      S_CLK = 0;
  34   2                      R_CLK = 0;
  35   2                      if(dat & 0x01)//按位与
  36   2                              DIO = 1;
  37   2                      else 
  38   2                              DIO = 0;
  39   2                      S_CLK = 1;
  40   2                      //dat = dat>>1;
  41   2                      dat >>= 1;
  42   2              }
  43   1              R_CLK = 1;
  44   1              while(1);
  45   1      }
  46          
  47          
  48          
  49          


MODULE INFORMATION:   STATIC OVERLAYABLE
   CODE SIZE        =     60    ----
   CONSTANT SIZE    =   ----    ----
C51 COMPILER V9.57.0.0   ______                                                            01/13/2021 13:04:37 PAGE 2   

   XDATA SIZE       =   ----    ----
   PDATA SIZE       =   ----    ----
   DATA SIZE        =   ----    ----
   IDATA SIZE       =   ----    ----
   BIT SIZE         =   ----    ----
END OF MODULE INFORMATION.


C51 COMPILATION COMPLETE.  0 WARNING(S),  0 ERROR(S)
