C51 COMPILER V9.57.0.0   ________                                                          01/23/2021 18:34:29 PAGE 1   


C51 COMPILER V9.57.0.0, COMPILATION OF MODULE ________
OBJECT MODULE PLACED IN .\Objects\发送汉字.obj
COMPILER INVOKED BY: D:\Keil_v5\C51\BIN\C51.EXE 发送汉字.c OPTIMIZE(8,SPEED) BROWSE DEBUG OBJECTEXTEND PRINT(.\Listings\
                    -发送汉字.lst) OBJECT(.\Objects\发送汉字.obj)

line level    source

   1          #include <reg52.h>
   2          #include <stdio.h>
   3          
   4          #define uint unsigned int
   5          #define uchar unsigned char
   6                  
   7          void UARTInit();
   8          void delay(uint z);
   9                  
  10          void main()
  11          {
  12   1              UARTInit();//串口初始化
  13   1              while(1)
  14   1              {
  15   2                      TI = 1;
  16   2                      puts("测试使用，测试使用2021.01.23");
  17   2                      while (!TI);
  18   2                      TI = 0;
  19   2                      delay(1000);
  20   2              }
  21   1      }
  22          //串口初始化
  23          void UARTInit()
  24          {
  25   1              SM0 = 0; SM1 = 1; //串口工作方式1，8位UART比特率可变
  26   1              TR1 = 1;//启动定时器1
  27   1              TMOD |=0x20;//定时器1，工作模式2 8位自动重装
  28   1              TH1 = 0xfd;
  29   1              TL1 = 0xfd;//设置波特率9600
  30   1              
  31   1      }
  32          //延时函数
  33          void delay(uint z)
  34          {
  35   1              uint x,y;
  36   1              for(x = z;x > 0;x--)
  37   1                      for(y = 114; y > 0; y--);
  38   1      }
  39          /*************************************
  40          备注：
  41          使用printf()puts()前都应软件置位TI = 1；
  42          printf()puts()  使用putchar函数发送 字节（一个汉字两个字节）
  43          
  44          void putchar(uchar sbyte )
  45          {
  46              while(！TI);   //等待发送完
  47          
  48              SBUF=sbyte;
  49          
  50          }
  51          
  52          所以第一次调用putchar前没TI=1 永远等待
  53          *************************************/

C51 COMPILER V9.57.0.0   ________                                                          01/23/2021 18:34:29 PAGE 2   


MODULE INFORMATION:   STATIC OVERLAYABLE
   CODE SIZE        =     74    ----
   CONSTANT SIZE    =     29    ----
   XDATA SIZE       =   ----    ----
   PDATA SIZE       =   ----    ----
   DATA SIZE        =   ----    ----
   IDATA SIZE       =   ----    ----
   BIT SIZE         =   ----    ----
END OF MODULE INFORMATION.


C51 COMPILATION COMPLETE.  0 WARNING(S),  0 ERROR(S)
