C51 COMPILER V9.57.0.0   ________                                                          01/11/2021 17:02:37 PAGE 1   


C51 COMPILER V9.57.0.0, COMPILATION OF MODULE ________
OBJECT MODULE PLACED IN .\Objects\矩阵键盘.obj
COMPILER INVOKED BY: D:\Keil_v5\C51\BIN\C51.EXE 矩阵键盘.c OPTIMIZE(8,SPEED) BROWSE DEBUG OBJECTEXTEND PRINT(.\Listings\
                    -矩阵键盘.lst) OBJECT(.\Objects\矩阵键盘.obj)

line level    source

   1          #include <reg52.h>
   2          #include <intrins.h>
   3          
   4          #define uint unsigned int
   5          #define uchar unsigned char 
   6                  
   7          sbit WE = P2^7;//位选
   8          sbit DU = P2^6;//段选
   9          sbit beep = P2^3;//蜂鸣器
  10          
  11          uchar num = 0;//数码管显示的值
  12          uchar KeyValue;//按键值
  13          
  14          void delay(uint z);
  15          void KeyScan( );
  16          
  17          //共阴极数码管段选表
  18          uchar code table[] = {
  19          //0   1     2    3    4    5   6    7     8
  20          0x3f,0x06,0x5b,0x4f,0x66,0x6d,0x7d,0x07,0x7f,
  21          //9    A   B     C    D    E     F   H    L
  22          0x6f,0x77,0x7c,0x39,0x5e,0x79,0x71,0x76,0x38,
  23          //N    U   -    熄灭
  24          0x37,0x3e,0x40,0x00};
  25          
  26          void main()
  27          {
  28   1              WE = 1;//打开位选锁存器
  29   1              P0 = 0xfe;//1111 1110
  30   1              WE = 0;//关闭位选锁存器
  31   1              
  32   1              
  33   1              while(1)
  34   1              {
  35   2      //                      beep = ~beep;//蜂鸣器
  36   2      
  37   2                      KeyScan();
  38   2                              
  39   2                              DU = 1;
  40   2                              P0 = table[KeyValue];
  41   2                              DU = 0; 
  42   2      
  43   2              }
  44   1      }
  45          
  46          //毫秒级延时函数定义
  47          void delay(uint z)
  48          {
  49   1              uint x,y;
  50   1              for(x = z; x > 0; x--)
  51   1                      for(y = 114; y > 0 ; y--);              
  52   1      } 
  53          //键盘扫描函数
  54          void KeyScan( )
C51 COMPILER V9.57.0.0   ________                                                          01/11/2021 17:02:37 PAGE 2   

  55          {
  56   1              P3 = 0xf0;//列扫描
  57   1              if(P3 != 0xf0)//判断按键是否被按下
  58   1              {
  59   2                      delay(10);//延时10ms
  60   2                      if(P3 != 0xf0)//判断按键是否被按下
  61   2                              {
  62   3                                      switch(P3)
  63   3                                      {
  64   4                                              case 0xe0:KeyValue = 0;
  65   4                                              break;
  66   4                                              case 0xd0:KeyValue = 1;
  67   4                                              break;
  68   4                                              case 0xb0:KeyValue = 2;
  69   4                                              break;
  70   4                                              case 0x70:KeyValue = 3;
  71   4                                              break;
  72   4                                      
  73   4                                      }
  74   3                                      P3 = 0x0f;//行扫描
  75   3                                      switch(P3)
  76   3                                      {
  77   4                                              case 0x0e:KeyValue = KeyValue;
  78   4                                              break;
  79   4                                              case 0x0d:KeyValue = KeyValue + 4;
  80   4                                              break;
  81   4                                              case 0x0b:KeyValue = KeyValue + 8;
  82   4                                              break;
  83   4                                              case 0x07:KeyValue = KeyValue + 12;
  84   4                                              break;
  85   4                                      }
  86   3                                      while(P3 != 0x0f);//松手检测
  87   3                              }
  88   2              }
  89   1              P3 = 0xff;//独立按键扫描
  90   1              if(P3 = 0xff) 
*** WARNING C276 IN LINE 90 OF 矩阵键盘.c: constant in condition expression
  91   1              {
  92   2                      delay(10);
  93   2                      if(P3 != 0xff)//判断独立键盘是否按下
  94   2                              switch(P3)
  95   2                              {
  96   3                                      case 0xfe: KeyValue = 16;  break;
  97   3                                      case 0xfd: KeyValue = 17;  break;
  98   3                                      case 0xfb: KeyValue = 18;  break;
  99   3                                      case 0xf7: KeyValue = 19;  break;
 100   3      
 101   3                              }
 102   2                              while(P3 != 0xff);//松手检测
 103   2                      
 104   2              }
 105   1      }


MODULE INFORMATION:   STATIC OVERLAYABLE
   CODE SIZE        =    213    ----
   CONSTANT SIZE    =     22    ----
   XDATA SIZE       =   ----    ----
   PDATA SIZE       =   ----    ----
   DATA SIZE        =      2    ----
   IDATA SIZE       =   ----    ----
   BIT SIZE         =   ----    ----
C51 COMPILER V9.57.0.0   ________                                                          01/11/2021 17:02:37 PAGE 3   

END OF MODULE INFORMATION.


C51 COMPILATION COMPLETE.  1 WARNING(S),  0 ERROR(S)
