C51 COMPILER V9.57.0.0   SMG                                                               02/08/2021 15:33:52 PAGE 1   


C51 COMPILER V9.57.0.0, COMPILATION OF MODULE SMG
OBJECT MODULE PLACED IN .\Objects\SMG.obj
COMPILER INVOKED BY: D:\Keil_v5\C51\BIN\C51.EXE SMG.c OPTIMIZE(8,SPEED) BROWSE DEBUG OBJECTEXTEND PRINT(.\Listings\SMG.l
                    -st) OBJECT(.\Objects\SMG.obj)

line level    source

   1          #include <REG52.H>
   2          #include <INTRINS.H>
   3          
   4          
   5          #define ulint unsigned long int
   6          #define uchar unsigned char 
   7          
   8          sbit WE = P2^7;
   9          sbit DU = P2^6;
  10          
  11          //八位数码管位选表
  12          uchar code SMGwei[] = {0xfe, 0xfd, 0xfb, 0xf7, 0xef, 0xdf, 0xbf, 0x7f};
  13          //共阴数码管段选表0-9
  14          uchar code SMGduan[]= {0x3F, 0x06, 0x5B, 0x4F, 0x66, 0x6D, 0x7D, 0x07, 0x7F, 0x6F};
  15          
  16          //数码管显示函数
  17          void display(ulint i)
  18          {
  19   1          static uchar wei;//静态局部变量
  20   1          P0 = 0xff;//清除断码
  21   1          WE = 1;//打开数码管位选
  22   1          P0 = SMGwei[wei];
  23   1          WE = 0;//关闭数码管位选
  24   1          switch (wei)
  25   1          {
  26   2              case 0:
  27   2                  DU = 1;
  28   2                  P0 = SMGduan[i/10000000];
  29   2                              DU = 0;
  30   2                  break;
  31   2                      case 1:
  32   2                              DU = 1;
  33   2                              P0 = SMGduan[i % 10000000 / 1000000];
  34   2                              DU = 0;
  35   2                              break;
  36   2                      case 2:
  37   2                              DU = 1;
  38   2                              P0 = SMGduan[i % 1000000 / 100000];
  39   2                              DU = 0;
  40   2                              break;
  41   2              case 3:
  42   2                              DU = 1;
  43   2                              P0 = SMGduan[i % 100000 / 10000];
  44   2                              DU = 0;
  45   2                              break;
  46   2              case 4:
  47   2                              DU = 1;
  48   2                              P0 = SMGduan[i % 10000 / 1000];
  49   2                              DU = 0;
  50   2                              break;
  51   2              case 5:
  52   2                              DU = 1;
  53   2                              P0 = SMGduan[i % 1000 / 100];
  54   2                              DU = 0;
C51 COMPILER V9.57.0.0   SMG                                                               02/08/2021 15:33:52 PAGE 2   

  55   2                              break;
  56   2              case 6:
  57   2                              DU = 1;
  58   2                              P0 = SMGduan[i % 100 / 10];
  59   2                              DU = 0;
  60   2                              break;
  61   2              case 7:
  62   2                              DU = 1;
  63   2                              P0 = SMGduan[i % 10];
  64   2                              DU = 0;
  65   2                              break;   
  66   2          }
  67   1          wei++;
  68   1          if(wei == 8)
  69   1              wei = 0;
  70   1      }


MODULE INFORMATION:   STATIC OVERLAYABLE
   CODE SIZE        =    368    ----
   CONSTANT SIZE    =     18    ----
   XDATA SIZE       =   ----    ----
   PDATA SIZE       =   ----    ----
   DATA SIZE        =      1       4
   IDATA SIZE       =   ----    ----
   BIT SIZE         =   ----    ----
END OF MODULE INFORMATION.


C51 COMPILATION COMPLETE.  0 WARNING(S),  0 ERROR(S)
