C51 COMPILER V9.57.0.0   LED_STAR                                                          01/06/2021 21:07:31 PAGE 1   


C51 COMPILER V9.57.0.0, COMPILATION OF MODULE LED_STAR
OBJECT MODULE PLACED IN .\Objects\LED star.obj
COMPILER INVOKED BY: D:\Keil_v5\C51\BIN\C51.EXE LED star.c OPTIMIZE(8,SPEED) BROWSE DEBUG OBJECTEXTEND PRINT(.\Listings\
                    -LED star.lst) TABS(2) OBJECT(.\Objects\LED star.obj)

line level    source

   1          #include <reg52.h>//引用头文件
   2            //位定义
   3          
   4          int mian()
   5            
   6          {
   7   1        P1 = 0;
   8   1        return 0;
   9   1      }


MODULE INFORMATION:   STATIC OVERLAYABLE
   CODE SIZE        =      6    ----
   CONSTANT SIZE    =   ----    ----
   XDATA SIZE       =   ----    ----
   PDATA SIZE       =   ----    ----
   DATA SIZE        =   ----    ----
   IDATA SIZE       =   ----    ----
   BIT SIZE         =   ----    ----
END OF MODULE INFORMATION.


C51 COMPILATION COMPLETE.  0 WARNING(S),  0 ERROR(S)
