C51 COMPILER V9.57.0.0   ________                                                          01/23/2021 15:30:54 PAGE 1   


C51 COMPILER V9.57.0.0, COMPILATION OF MODULE ________
OBJECT MODULE PLACED IN .\Objects\串口通信.obj
COMPILER INVOKED BY: D:\Keil_v5\C51\BIN\C51.EXE 串口通信.c OPTIMIZE(8,SPEED) BROWSE DEBUG OBJECTEXTEND PRINT(.\Listings\
                    -串口通信.lst) OBJECT(.\Objects\串口通信.obj)

line level    source

   1          #include <reg52.h>
   2          #include <intrins.h>
   3          
   4          typedef unsigned int uint;
   5          typedef unsigned char uchar;
   6          
   7          sbit DU = P2^6;//数码管段选
   8          sbit WE = P2^7;//数码管段选
   9          uint num;//数码管显示的值
  10          
  11          //共阴数码管段选表0-9
  12          uchar code SMGduan[]= {0x3F, 0x06, 0x5B, 0x4F, 0x66, 0x6D, 0x7D, 0x07, 0x7F, 0x6F};
  13          //数码管位选码
  14          uchar code SMGwei[] = {0xfe, 0xfd, 0xfb};
  15          
  16          void timer0Init();
  17          void display(uint i);
  18          void UARTInit();
  19          
  20          void main()
  21          {
  22   1              timer0Init();//定时器0初始化
  23   1              UARTInit();//串口初始化
  24   1              while(1);
  25   1      }
  26          //定时器0初始化函数
  27          void timer0Init()
  28          {
  29   1              EA = 1;//打开总中断
  30   1              ET0 = 1;//打开定时器0中断
  31   1              TR0 = 1;//启动定时器0
  32   1              TMOD |= 0x01;//定时器工作模式16位定时模式
  33   1              TH0 = 0xed;
  34   1              TL0 = 0xff;//定时5ms
  35   1      }
  36          //串口初始化
  37          void UARTInit()
  38          {
  39   1              EA = 1;//打开总中断
  40   1              ES = 1;//打开串口中断
  41   1              SM0 =0; SM1 = 1;//串口工作方式1,8位
  42   1              REN = 1;//串口允许接收
  43   1              TR1 = 1;//启动定时器1 
  44   1              TMOD |= 0x20;//定时器1，工作模式2 8位自动重装
  45   1              TH1 = 0xfd;
  46   1              TL1 = 0xfd;//设置波特率9600
  47   1      }
  48          //定时器0中断函数
  49          void timer0() interrupt 1
  50          {
  51   1          TH0 = 0xed;
  52   1              TL0 = 0xff;//定时5ms
  53   1              display(num);//数码管显示
  54   1      }
C51 COMPILER V9.57.0.0   ________                                                          01/23/2021 15:30:54 PAGE 2   

  55          //串口中断函数
  56          void UART() interrupt 4
  57          {
  58   1              uchar temp;
  59   1              if(RI)//判断接收是否完成
  60   1              {
  61   2                      num = SBUF;//读SBUF
  62   2                      RI = 0;//软件清零接收标志位
  63   2                      temp = num;
  64   2                      SBUF = ++temp;//写SBUF，把要发送的数据发送给缓存器
  65   2              }
  66   1              if(TI)//判断是否发送完成
  67   1                      TI = 0;//清零发送完成标志
  68   1      }
  69          //数码管显示函数
  70          void display(uint i)
  71          {
  72   1              static uchar wei;//静态局部变量
  73   1              P0 = 0xff;//清除断码
  74   1              WE = 1;//打开位选锁存器
  75   1              P0 = SMGwei[wei];
  76   1              WE = 0;//锁存位选数据
  77   1              switch(wei)
  78   1              {
  79   2                      case 0:
  80   2                              DU = 1;
  81   2                              P0 = SMGduan[i / 100];
  82   2                              DU = 0;
  83   2                              break;
  84   2                      case 1:
  85   2                              DU = 1;
  86   2                              P0 = SMGduan[i % 100 / 10];
  87   2                              DU = 0;
  88   2                              break;
  89   2                      case 2:
  90   2                              DU = 1;
  91   2                              P0 = SMGduan[i % 10];
  92   2                              DU = 0;
  93   2                              break;
  94   2              }
  95   1              wei++;
  96   1              if(wei == 3)
  97   1                      wei = 0;
  98   1      }


MODULE INFORMATION:   STATIC OVERLAYABLE
   CODE SIZE        =    250    ----
   CONSTANT SIZE    =     13    ----
   XDATA SIZE       =   ----    ----
   PDATA SIZE       =   ----    ----
   DATA SIZE        =      3    ----
   IDATA SIZE       =   ----    ----
   BIT SIZE         =   ----    ----
END OF MODULE INFORMATION.


C51 COMPILATION COMPLETE.  0 WARNING(S),  0 ERROR(S)
