C51 COMPILER V9.57.0.0   ________                                                          01/11/2021 12:04:21 PAGE 1   


C51 COMPILER V9.57.0.0, COMPILATION OF MODULE ________
OBJECT MODULE PLACED IN .\Objects\独立键盘.obj
COMPILER INVOKED BY: D:\Keil_v5\C51\BIN\C51.EXE 独立键盘.c OPTIMIZE(8,SPEED) BROWSE DEBUG OBJECTEXTEND PRINT(.\Listings\
                    -独立键盘.lst) OBJECT(.\Objects\独立键盘.obj)

line level    source

   1          #include <reg52.h>
   2          #include <intrins.h>
   3          
   4          #define uint unsigned int
   5          #define uchar unsigned char 
   6                  
   7          sbit WE = P2^7;
   8          sbit DU = P2^6;
   9          sbit key_s2 = P3^0;
  10          sbit key_s3 = P3^1;
  11          
  12          uchar num = 0;
  13          
  14          void delay(uint z);
  15          
  16          //共阴极数码管段选数组0-9
  17          uchar code table[] = {0x3f,0x06,0x5b,0x4f,0x66,0x6d,0x7d,0x07,0x7f,0x6f};//将数组储存在ROM区
  18          
  19          void main()
  20          {
  21   1              WE = 1;//打开位选锁存器
  22   1              P0 = 0xfe;//1111 1110
  23   1              WE = 0;//关闭位选锁存器
  24   1              
  25   1              
  26   1              while(1)
  27   1              {
  28   2                      if(key_s2 == 0)
  29   2                      {
  30   3                              delay(20);//去除按键抖动
  31   3                              if(key_s2 == 0)
  32   3                              {
  33   4                                      if(num != 9)
  34   4                                              num++;
  35   4                                          DU = 1;
  36   4                                              P0 = table[num];//按下就变化
  37   4                                              DU = 0;
  38   4                                              while(!key_s2);//松手检测
  39   4                              }
  40   3                      }
  41   2      
  42   2                      
  43   2                      if(key_s3 == 0)
  44   2                      {       
  45   3                              delay(20);//去除按键抖动
  46   3                              if(key_s3 == 0)
  47   3                              {
  48   4                                      if(num > 0)
  49   4                                              num--;
  50   4                                              DU = 1;
  51   4                                              P0 = table[num];//按下就变化
  52   4                                              DU = 0;
  53   4                                              while(!key_s3);//松手检测
  54   4                              }
C51 COMPILER V9.57.0.0   ________                                                          01/11/2021 12:04:21 PAGE 2   

  55   3                      }
  56   2      
  57   2                              
  58   2                              //刷新显示                      
  59   2                              DU = 1;
  60   2                              P0 = table[num];
  61   2                              DU = 0;
  62   2                              
  63   2      
  64   2              }
  65   1      }
  66          
  67          //毫秒级延时函数定义
  68          void delay(uint z)
  69          {
  70   1              uint x,y;
  71   1              for(x = z; x > 0; x--)
  72   1                      for(y = 114; y > 0 ; y--);              
  73   1      } 


MODULE INFORMATION:   STATIC OVERLAYABLE
   CODE SIZE        =    124    ----
   CONSTANT SIZE    =     10    ----
   XDATA SIZE       =   ----    ----
   PDATA SIZE       =   ----    ----
   DATA SIZE        =      1    ----
   IDATA SIZE       =   ----    ----
   BIT SIZE         =   ----    ----
END OF MODULE INFORMATION.


C51 COMPILATION COMPLETE.  0 WARNING(S),  0 ERROR(S)
