C51 COMPILER V9.57.0.0   LED_SEGMENT_DISPLAYS                                              02/08/2021 12:15:13 PAGE 1   


C51 COMPILER V9.57.0.0, COMPILATION OF MODULE LED_SEGMENT_DISPLAYS
OBJECT MODULE PLACED IN .\Objects\LED Segment Displays.obj
COMPILER INVOKED BY: D:\Keil_v5\C51\BIN\C51.EXE LED Segment Displays.c OPTIMIZE(8,SPEED) BROWSE DEBUG OBJECTEXTEND PRINT
                    -(.\Listings\LED Segment Displays.lst) OBJECT(.\Objects\LED Segment Displays.obj)

line level    source

   1          #include <REG52.H>
   2          #include <INTRINS.H>
   3          
   4          #define uint unsigned int
   5          #define uchar unsigned char 
   6          
   7          sbit WE = P2^7;
   8          sbit DU = P2^6;
   9          uint num;
  10          
  11          //八位数码管位选表
  12          uchar code SMGwei[] = {0xfe, 0xfd, 0xfb, 0xf7, 0xef, 0xdf, 0xbf, 0x7f};
  13          //共阴数码管段选表0-9
  14          uchar code SMGduan[]= {0x3F, 0x06, 0x5B, 0x4F, 0x66, 0x6D, 0x7D, 0x07, 0x7F, 0x6F};
  15          
  16          //数码管显示函数
  17          void display(uint i)
  18          {
  19   1          static uchar wei;//静态局部变量
  20   1          P0 = 0xff;//清除断码
  21   1          WE = 1;//打开数码管位选
  22   1          P0 = SMGwei[wei];
  23   1          WE = 0;//关闭数码管位选
  24   1          switch (wei)
  25   1          {
  26   2              case 0:
  27   2                  DU = 1;
  28   2                  P0 = SMGduan[i/10^7];
  29   2                  break;
  30   2                      case 1:
  31   2                              DU = 1;
  32   2                              P0 = SMGduan[i % 10^7 / 10^6];
  33   2                              DU = 0;
  34   2                              break;
  35   2                      case 2:
  36   2                              DU = 1;
  37   2                              P0 = SMGduan[i % 10^6 / 10^5];
  38   2                              DU = 0;
  39   2                              break;
  40   2              case 3:
  41   2                              DU = 1;
  42   2                              P0 = SMGduan[i % 10^5 / 10^4];
  43   2                              DU = 0;
  44   2                              break;
  45   2              case 4:
  46   2                              DU = 1;
  47   2                              P0 = SMGduan[i % 10^4 / 10^3];
  48   2                              DU = 0;
  49   2                              break;
  50   2              case 5:
  51   2                              DU = 1;
  52   2                              P0 = SMGduan[i % 10^3 / 10^2];
  53   2                              DU = 0;
  54   2                              break;
C51 COMPILER V9.57.0.0   LED_SEGMENT_DISPLAYS                                              02/08/2021 12:15:13 PAGE 2   

  55   2              case 6:
  56   2                              DU = 1;
  57   2                              P0 = SMGduan[i % 10^2 / 10];
  58   2                              DU = 0;
  59   2                              break;
  60   2              case 7 :
  61   2                              DU = 1;
  62   2                              P0 = SMGduan[i % 10];
  63   2                              DU = 0;
  64   2                              break;   
  65   2          }
  66   1          wei++;
  67   1          if(wei == 8)
  68   1              wei = 0;
  69   1      }


MODULE INFORMATION:   STATIC OVERLAYABLE
   CODE SIZE        =    205    ----
   CONSTANT SIZE    =     18    ----
   XDATA SIZE       =   ----    ----
   PDATA SIZE       =   ----    ----
   DATA SIZE        =      3    ----
   IDATA SIZE       =   ----    ----
   BIT SIZE         =   ----    ----
END OF MODULE INFORMATION.


C51 COMPILATION COMPLETE.  0 WARNING(S),  0 ERROR(S)
