C51 COMPILER V9.57.0.0   LED_FLASH                                                         01/06/2021 21:51:46 PAGE 1   


C51 COMPILER V9.57.0.0, COMPILATION OF MODULE LED_FLASH
OBJECT MODULE PLACED IN .\Objects\LED Flash.obj
COMPILER INVOKED BY: D:\Keil_v5\C51\BIN\C51.EXE LED Flash.c OPTIMIZE(8,SPEED) BROWSE DEBUG OBJECTEXTEND PRINT(.\Listings
                    -\LED Flash.lst) TABS(2) OBJECT(.\Objects\LED Flash.obj)

line level    source

   1          #include <reg52.h>//引用头文件
   2            //位定义
   3          unsigned int i ;//0~65535
   4          
   5          
   6          int mian()//main函数自身会循环
   7            
   8          {
   9   1        while (1)
  10   1        {
  11   2          P1 = 0xaa;//P1口整组操作
  12   2          i = 65535;
  13   2          while(i--);//亮的时间长一点
  14   2          P1 = 0xff;//1111 1111 八个高电平 熄灭八个LED灯
  15   2          i = 65535;
  16   2          while(i--);//灭的时间长一点
  17   2        }
  18   1      
  19   1        
  20   1        return 0;
  21   1      }
*** WARNING C294 IN LINE 20 OF LED Flash.c: unreachable code


MODULE INFORMATION:   STATIC OVERLAYABLE
   CODE SIZE        =     46    ----
   CONSTANT SIZE    =   ----    ----
   XDATA SIZE       =   ----    ----
   PDATA SIZE       =   ----    ----
   DATA SIZE        =      2    ----
   IDATA SIZE       =   ----    ----
   BIT SIZE         =   ----    ----
END OF MODULE INFORMATION.


C51 COMPILATION COMPLETE.  1 WARNING(S),  0 ERROR(S)
