C51 COMPILER V9.57.0.0   ____                                                              01/16/2021 19:13:11 PAGE 1   


C51 COMPILER V9.57.0.0, COMPILATION OF MODULE ____
OBJECT MODULE PLACED IN .\Objects\中断.obj
COMPILER INVOKED BY: D:\Keil_v5\C51\BIN\C51.EXE 中断.c OPTIMIZE(8,SPEED) BROWSE DEBUG OBJECTEXTEND PRINT(.\Listings\中断
                    -.lst) OBJECT(.\Objects\中断.obj)

line level    source

   1          #include <reg52.h>
   2          #include <intrins.h>
   3          
   4          typedef unsigned int uint;
   5          typedef unsigned char uchar;
   6          
   7          sbit flag = P3^7;//外部中断信号产生脚
   8          sbit key_s2 = P3^0;//独立按键s2
   9          sbit beep = P2^3;
  10          
  11          void int1Inint();
  12          void delay(uint z);
  13          
  14          void main ()//main函数自身会循环
  15          {
  16   1              int1Inint();//外部中断1初始化
  17   1              while(1)
  18   1              {
  19   2                      if(key_s2 == 0)//判断按键是否按下
  20   2                      {
  21   3                              delay(20);//按键消抖
  22   3                              if(key_s2 == 0);
  23   3                              {
  24   4                                      
  25   4                                      flag = 1;
  26   4                                      flag = 0;//产生下降沿
  27   4                                      while(!key_s2);//判断是否松手
  28   4                              }
  29   3                              
  30   3                      }
  31   2              }
  32   1              
  33   1      }
  34          //外部中断1初始化
  35          void int1Inint()
  36          {
  37   1              EA = 1;//中断的总开关
  38   1              EX1 = 1;//外部中断的总开关
  39   1              IT1 = 1;//选择外部中断为下降沿触发
  40   1      }
  41          
  42          //外部中断1中断服务程序  写在主函数之后不需要声明
  43          void int1()interrupt 2
  44          {
  45   1              beep =~beep;
  46   1      }
  47          //毫秒级延时函数
  48          void delay(uint z)
  49          {
  50   1              uint x,y;
  51   1              for(x=z;x>0;x--)
  52   1                      for(y=114;y>0;y--);
  53   1      }

C51 COMPILER V9.57.0.0   ____                                                              01/16/2021 19:13:11 PAGE 2   


MODULE INFORMATION:   STATIC OVERLAYABLE
   CODE SIZE        =     62    ----
   CONSTANT SIZE    =   ----    ----
   XDATA SIZE       =   ----    ----
   PDATA SIZE       =   ----    ----
   DATA SIZE        =   ----    ----
   IDATA SIZE       =   ----    ----
   BIT SIZE         =   ----    ----
END OF MODULE INFORMATION.


C51 COMPILATION COMPLETE.  0 WARNING(S),  0 ERROR(S)
